

Version:	3.8
CmdLine:	C:\Users\marcos\Documents\Dropbox\Marcos\ijk\Neos\NEOS\NEOS_GAMS.exe --l4j-debug
WOW64:		yes
Working dir:	C:\Users\marcos\Documents\Dropbox\Marcos\ijk\Neos\NEOS\.
64-bit search:	SOFTWARE\JavaSoft\Java Runtime Environment...
32-bit search:	SOFTWARE\JavaSoft\Java Runtime Environment...
Check:		SOFTWARE\JavaSoft\Java Runtime Environment\1.8
Check launcher:	C:\Program Files (x86)\Java\jre1.8.0_60\bin\javaw.exe (OK)
Match:		1.8
Check:		SOFTWARE\JavaSoft\Java Runtime Environment\1.8.0_60
Check launcher:	C:\Program Files (x86)\Java\jre1.8.0_60\bin\javaw.exe (OK)
Match:		1.8.0_60
64-bit search:	SOFTWARE\JavaSoft\Java Development Kit...
32-bit search:	SOFTWARE\JavaSoft\Java Development Kit...
Check:		SOFTWARE\JavaSoft\Java Development Kit\1.7
Ignore:		1.7
Check:		SOFTWARE\JavaSoft\Java Development Kit\1.7.0_75
Ignore:		1.7.0_75
Runtime used:	1.8.0_60 (32-bit)
Launcher:	C:\Program Files (x86)\Java\jre1.8.0_60\bin\javaw.exe
Launcher args:	-jar "C:\Users\marcos\Documents\Dropbox\Marcos\ijk\Neos\NEOS\NEOS_GAMS.exe"
Args length:	75/32768 chars
Exit code:	0


Version:	3.8
CmdLine:	C:\Users\marcos\Documents\Dropbox\Marcos\ijk\Neos\NEOS\NEOS_GAMS.exe --l4j-debug
WOW64:		yes
Working dir:	C:\Users\marcos\Documents\Dropbox\Marcos\ijk\Neos\NEOS\.
64-bit search:	SOFTWARE\JavaSoft\Java Runtime Environment...
32-bit search:	SOFTWARE\JavaSoft\Java Runtime Environment...
Check:		SOFTWARE\JavaSoft\Java Runtime Environment\1.8
Check launcher:	C:\Program Files (x86)\Java\jre1.8.0_60\bin\javaw.exe (OK)
Match:		1.8
Check:		SOFTWARE\JavaSoft\Java Runtime Environment\1.8.0_60
Check launcher:	C:\Program Files (x86)\Java\jre1.8.0_60\bin\javaw.exe (OK)
Match:		1.8.0_60
64-bit search:	SOFTWARE\JavaSoft\Java Development Kit...
32-bit search:	SOFTWARE\JavaSoft\Java Development Kit...
Check:		SOFTWARE\JavaSoft\Java Development Kit\1.7
Ignore:		1.7
Check:		SOFTWARE\JavaSoft\Java Development Kit\1.7.0_75
Ignore:		1.7.0_75
Runtime used:	1.8.0_60 (32-bit)
Launcher:	C:\Program Files (x86)\Java\jre1.8.0_60\bin\javaw.exe
Launcher args:	-jar "C:\Users\marcos\Documents\Dropbox\Marcos\ijk\Neos\NEOS\NEOS_GAMS.exe"
Args length:	75/32768 chars
Exit code:	0


Version:	3.8
CmdLine:	C:\Users\marcos\Documents\Dropbox\Marcos\ijk\Neos\NEOS_en\NEOS_GAMS.exe --l4j-debug
WOW64:		yes
Working dir:	C:\Users\marcos\Documents\Dropbox\Marcos\ijk\Neos\NEOS_en\.
64-bit search:	SOFTWARE\JavaSoft\Java Runtime Environment...
32-bit search:	SOFTWARE\JavaSoft\Java Runtime Environment...
Check:		SOFTWARE\JavaSoft\Java Runtime Environment\1.8
Check launcher:	C:\Program Files (x86)\Java\jre1.8.0_60\bin\javaw.exe (OK)
Match:		1.8
Check:		SOFTWARE\JavaSoft\Java Runtime Environment\1.8.0_60
Check launcher:	C:\Program Files (x86)\Java\jre1.8.0_60\bin\javaw.exe (OK)
Match:		1.8.0_60
64-bit search:	SOFTWARE\JavaSoft\Java Development Kit...
32-bit search:	SOFTWARE\JavaSoft\Java Development Kit...
Check:		SOFTWARE\JavaSoft\Java Development Kit\1.7
Ignore:		1.7
Check:		SOFTWARE\JavaSoft\Java Development Kit\1.7.0_75
Ignore:		1.7.0_75
Runtime used:	1.8.0_60 (32-bit)
Launcher:	C:\Program Files (x86)\Java\jre1.8.0_60\bin\javaw.exe
Launcher args:	-jar "C:\Users\marcos\Documents\Dropbox\Marcos\ijk\Neos\NEOS_en\NEOS_GAMS.exe"
Args length:	78/32768 chars
Exit code:	0
